

Microchip MPLAB XC8 Assembler V2.45 build 20230818022343 
                                                                                               Thu Dec 28 22:38:43 2023

Microchip MPLAB XC8 C Compiler v2.45 (Free license) build 20230818022343 Og1 
     1                           	processor	18F2220
     2                           	fnconf	rparam,??,?,0
     3                           	pagewidth 120
     4                           	opt	flic
     5                           	psect	cinit,global,reloc=2,class=CODE,delta=1
     6                           	psect	cstackCOMRAM,global,class=COMRAM,space=1,delta=1,lowdata,noexec
     7                           	psect	text0,global,reloc=2,class=CODE,delta=1
     8                           	psect	smallconst,global,reloc=2,class=SMALLCONST,delta=1,noexec
     9                           	psect	intsave_regs,global,class=BIGRAM,space=1,delta=1,noexec
    10                           	psect	rparam,global,class=COMRAM,space=1,delta=1,noexec
    11   000000                     
    12                           ; Generated 23/03/2023 GMT
    13                           ; 
    14                           ; Copyright © 2023, Microchip Technology Inc. and its subsidiaries ("Microchip")
    15                           ; All rights reserved.
    16                           ; 
    17                           ; This software is developed by Microchip Technology Inc. and its subsidiaries ("Microch
      +                          ip").
    18                           ; 
    19                           ; Redistribution and use in source and binary forms, with or without modification, are
    20                           ; permitted provided that the following conditions are met:
    21                           ; 
    22                           ;     1. Redistributions of source code must retain the above copyright notice, this lis
      +                          t of
    23                           ;        conditions and the following disclaimer.
    24                           ; 
    25                           ;     2. Redistributions in binary form must reproduce the above copyright notice, this 
      +                          list
    26                           ;        of conditions and the following disclaimer in the documentation and/or other
    27                           ;        materials provided with the distribution. Publication is not required when
    28                           ;        this file is used in an embedded application.
    29                           ; 
    30                           ;     3. Microchip's name may not be used to endorse or promote products derived from th
      +                          is
    31                           ;        software without specific prior written permission.
    32                           ; 
    33                           ; THIS SOFTWARE IS PROVIDED BY MICROCHIP "AS IS" AND ANY EXPRESS OR IMPLIED WARRANTIES,
    34                           ; INCLUDING, BUT NOT LIMITED TO, THE IMPLIED WARRANTIES OF MERCHANTABILITY AND FITNESS F
      +                          OR
    35                           ; PURPOSE ARE DISCLAIMED.  IN NO EVENT SHALL MICROCHIP BE LIABLE FOR ANY DIRECT, INDIREC
      +                          T,
    36                           ; INCIDENTAL, SPECIAL, EXEMPLARY, OR CONSEQUENTIAL DAMAGES (INCLUDING BUT NOT LIMITED TO
    37                           ; PROCUREMENT OF SUBSTITUTE GOODS OR SERVICES; LOSS OF USE, DATA OR PROFITS; OR BUSINESS
    38                           ; INTERRUPTION) HOWSOEVER CAUSED AND ON ANY THEORY OF LIABILITY, WHETHER IN CONTRACT, ST
      +                          RICT
    39                           ; LIABILITY, OR TORT (INCLUDING NEGLIGENCE OR OTHERWISE) ARISING IN ANY WAY OUT OF THE U
      +                          SE OF
    40                           ; THIS SOFTWARE, EVEN IF ADVISED OF THE POSSIBILITY OF SUCH DAMAGE.
    41                           ; 
    42                           ; 
    43                           ; Code-generator required, PIC18F2220 Definitions
    44                           ; 
    45                           ; SFR Addresses
    46   000000                     _PORTBbits	set	3969
    47   000000                     _PORTCbits	set	3970
    48   000000                     _TRISBbits	set	3987
    49   000000                     _OSCCON	set	4051
    50   000000                     _TRISCbits	set	3988
    51                           
    52                           ; #config settings
    53                           
    54                           	psect	cinit
    55   00025E                     __pcinit:
    56                           	callstack 0
    57   00025E                     start_initialization:
    58                           	callstack 0
    59   00025E                     __initialization:
    60                           	callstack 0
    61   00025E                     end_of_initialization:
    62                           	callstack 0
    63   00025E                     __end_of__initialization:
    64                           	callstack 0
    65   00025E  0100               	movlb	0
    66   000260  EF01  F001         	goto	_main	;jump to C main() function
    67                           
    68                           	psect	cstackCOMRAM
    69   000001                     __pcstackCOMRAM:
    70                           	callstack 0
    71   000001                     main@countDelay:
    72                           	callstack 0
    73                           
    74                           ; 2 bytes @ 0x0
    75   000001                     	ds	2
    76                           
    77 ;;
    78 ;;Main: autosize = 0, tempsize = 0, incstack = 0, save=0
    79 ;;
    80 ;; *************** function _main *****************
    81 ;; Defined at:
    82 ;;		line 5 in file "main.c"
    83 ;; Parameters:    Size  Location     Type
    84 ;;		None
    85 ;; Auto vars:     Size  Location     Type
    86 ;;  countDelay      2    0[COMRAM] int 
    87 ;; Return value:  Size  Location     Type
    88 ;;                  1    wreg      void 
    89 ;; Registers used:
    90 ;;		wreg, status,2, status,0
    91 ;; Tracked objects:
    92 ;;		On entry : 0/0
    93 ;;		On exit  : 0/0
    94 ;;		Unchanged: 0/0
    95 ;; Data sizes:     COMRAM   BANK0   BANK1
    96 ;;      Params:         0       0       0
    97 ;;      Locals:         2       0       0
    98 ;;      Temps:          0       0       0
    99 ;;      Totals:         2       0       0
   100 ;;Total ram usage:        2 bytes
   101 ;; This function calls:
   102 ;;		Nothing
   103 ;; This function is called by:
   104 ;;		Startup code after reset
   105 ;; This function uses a non-reentrant model
   106 ;;
   107                           
   108                           	psect	text0
   109   000202                     __ptext0:
   110                           	callstack 0
   111   000202                     _main:
   112                           	callstack 31
   113   000202                     
   114                           ;main.c: 7:     TRISBbits.RB0 = 0;
   115   000202  9093               	bcf	147,0,c	;volatile
   116                           
   117                           ;main.c: 8:     TRISCbits.RC1 = 1;
   118   000204  8294               	bsf	148,1,c	;volatile
   119   000206                     
   120                           ;main.c: 9:     OSCCON = 0x76;
   121   000206  0E76               	movlw	118
   122   000208  6ED3               	movwf	211,c	;volatile
   123   00020A                     l703:
   124                           
   125                           ;main.c: 12:         if (PORTCbits.RC1 == 0) {
   126   00020A  B282               	btfsc	130,1,c	;volatile
   127   00020C  EF0A  F001         	goto	u11
   128   000210  EF0C  F001         	goto	u10
   129   000214                     u11:
   130   000214  EF2A  F001         	goto	l16
   131   000218                     u10:
   132   000218                     
   133                           ;main.c: 13:             for (int countDelay = 0; countDelay < 20; countDelay++) {
   134   000218  0E00               	movlw	0
   135   00021A  6E02               	movwf	(main@countDelay+1)^0,c
   136   00021C  0E00               	movlw	0
   137   00021E  6E01               	movwf	main@countDelay^0,c
   138   000220                     l711:
   139                           
   140                           ;main.c: 14:             };
   141   000220  4A01               	infsnz	main@countDelay^0,f,c
   142   000222  2A02               	incf	(main@countDelay+1)^0,f,c
   143   000224  BE02               	btfsc	(main@countDelay+1)^0,7,c
   144   000226  EF1E  F001         	goto	u21
   145   00022A  5002               	movf	(main@countDelay+1)^0,w,c
   146   00022C  E109               	bnz	u20
   147   00022E  0E14               	movlw	20
   148   000230  5C01               	subwf	main@countDelay^0,w,c
   149   000232  A0D8               	btfss	status,0,c
   150   000234  EF1E  F001         	goto	u21
   151   000238  EF20  F001         	goto	u20
   152   00023C                     u21:
   153   00023C  EF10  F001         	goto	l711
   154   000240                     u20:
   155   000240                     
   156                           ;main.c: 15:             if (PORTCbits.RC1 == 0) {
   157   000240  B282               	btfsc	130,1,c	;volatile
   158   000242  EF25  F001         	goto	u31
   159   000246  EF27  F001         	goto	u30
   160   00024A                     u31:
   161   00024A  EF05  F001         	goto	l703
   162   00024E                     u30:
   163   00024E                     
   164                           ;main.c: 16:                 PORTBbits.RB0 = 1;
   165   00024E  8081               	bsf	129,0,c	;volatile
   166   000250  EF05  F001         	goto	l703
   167   000254                     l16:
   168                           
   169                           ;main.c: 20:                 PORTBbits.RB0 = 0;
   170   000254  9081               	bcf	129,0,c	;volatile
   171   000256  EF05  F001         	goto	l703
   172   00025A  EF00  F000         	goto	start
   173   00025E                     __end_of_main:
   174                           	callstack 0
   175                           
   176                           	psect	smallconst
   177   000200                     __psmallconst:
   178                           	callstack 0
   179   000200  00                 	db	0
   180   000201  00                 	db	0	; dummy byte at the end
   181   000000                     
   182                           	psect	rparam
   183   000000                     tosu	equ	0xFFF
   184                           tosh	equ	0xFFE
   185                           tosl	equ	0xFFD
   186                           stkptr	equ	0xFFC
   187                           pclatu	equ	0xFFB
   188                           pclath	equ	0xFFA
   189                           pcl	equ	0xFF9
   190                           tblptru	equ	0xFF8
   191                           tblptrh	equ	0xFF7
   192                           tblptrl	equ	0xFF6
   193                           tablat	equ	0xFF5
   194                           prodh	equ	0xFF4
   195                           prodl	equ	0xFF3
   196                           indf0	equ	0xFEF
   197                           postinc0	equ	0xFEE
   198                           postdec0	equ	0xFED
   199                           preinc0	equ	0xFEC
   200                           plusw0	equ	0xFEB
   201                           fsr0h	equ	0xFEA
   202                           fsr0l	equ	0xFE9
   203                           wreg	equ	0xFE8
   204                           indf1	equ	0xFE7
   205                           postinc1	equ	0xFE6
   206                           postdec1	equ	0xFE5
   207                           preinc1	equ	0xFE4
   208                           plusw1	equ	0xFE3
   209                           fsr1h	equ	0xFE2
   210                           fsr1l	equ	0xFE1
   211                           bsr	equ	0xFE0
   212                           indf2	equ	0xFDF
   213                           postinc2	equ	0xFDE
   214                           postdec2	equ	0xFDD
   215                           preinc2	equ	0xFDC
   216                           plusw2	equ	0xFDB
   217                           fsr2h	equ	0xFDA
   218                           fsr2l	equ	0xFD9
   219                           status	equ	0xFD8

Data Sizes:
    Strings     0
    Constant    0
    Data        0
    BSS         0
    Persistent  0
    Stack       0

Auto Spaces:
    Space          Size  Autos    Used
    COMRAM          127      2       2
    BANK0           128      0       0
    BANK1           256      0       0

Pointer List with Targets:

    None.

Critical Paths under _main in COMRAM

    None.

Critical Paths under _main in BANK0

    None.

Critical Paths under _main in BANK1

    None.

Call Graph Tables:

 ---------------------------------------------------------------------------------
 (Depth) Function   	        Calls       Base Space   Used Autos Params    Refs
 ---------------------------------------------------------------------------------
 (0) _main                                                 2     2      0      30
                                              0 COMRAM     2     2      0
 ---------------------------------------------------------------------------------
 Estimated maximum stack depth 0
 ---------------------------------------------------------------------------------

 Call Graph Graphs:

 _main (ROOT)

 Address spaces:
Name               Size   Autos  Total    Cost      Usage
BITCOMRAM           7F      0       0       0        0.0%
EEDATA             100      0       0       0        0.0%
NULL                 0      0       0       0        0.0%
CODE                 0      0       0       0        0.0%
COMRAM              7F      2       2       1        1.6%
STACK                0      0       0       2        0.0%
DATA                 0      0       0       3        0.0%
BITBANK0            80      0       0       4        0.0%
BANK0               80      0       0       5        0.0%
BITBANK1           100      0       0       6        0.0%
BANK1              100      0       0       7        0.0%
BITBIGSFRhh         2C      0       0       8        0.0%
BITBIGSFRhl         3E      0       0       9        0.0%
BITBIGSFRlh         10      0       0      10        0.0%
BITBIGSFRll          1      0       0      11        0.0%
ABS                  0      0       0      12        0.0%
BIGRAM             1FF      0       0      13        0.0%
BIGSFR               0      0       0     200        0.0%
BITSFR               0      0       0     200        0.0%
SFR                  0      0       0     200        0.0%


Microchip Technology PIC18 Macro Assembler V2.45 build 20230818022343 
Symbol Table                                                                                   Thu Dec 28 22:38:43 2023

                     l16 0254                       l18 0240                       u10 0218  
                     u11 0214                       u20 0240                       u21 023C  
                     u30 024E                       u31 024A                      l701 0206  
                    l711 0220                      l703 020A                      l713 0224  
                    l705 0218                      l715 024E                      l699 0202  
                   _main 0202                     start 0000             ___param_bank 0000  
                  ?_main 0001                    status 0FD8          __initialization 025E  
           __end_of_main 025E                   ??_main 0001            __activetblptr 0000  
                 _OSCCON 0FD3                   isa$std 0001             __mediumconst 0000  
             __accesstop 0080  __end_of__initialization 025E            ___rparam_used 0001  
         __pcstackCOMRAM 0001           main@countDelay 0001                  __Hparam 0000  
                __Lparam 0000             __psmallconst 0200                  __pcinit 025E  
                __ramtop 0200                  __ptext0 0202     end_of_initialization 025E  
              _PORTBbits 0F81                _PORTCbits 0F82                _TRISBbits 0F93  
              _TRISCbits 0F94      start_initialization 025E              __smallconst 0200  
               __Hrparam 0000                 __Lrparam 0000                 isa$xinst 0000  
